<?xml version="1.0" encoding="UTF-8"?>
<testng-results skipped="0" failed="0" total="1" passed="1">
  <reporter-output>
    <line>
      <![CDATA[Number of secondary header links are 12<br><br>]]>
    </line>
    <line>
      <![CDATA[Rewards Link : Rewards Link Verified.<br><br>]]>
    </line>
    <line>
      <![CDATA[Mobile Link : Mobile Link Verified.<br><br>]]>
    </line>
  </reporter-output>
  <suite name="Default suite" duration-ms="28203" started-at="2016-10-24T02:09:45Z" finished-at="2016-10-24T02:10:13Z">
    <groups>
    </groups>
    <test name="Default test" duration-ms="28203" started-at="2016-10-24T02:09:45Z" finished-at="2016-10-24T02:10:13Z">
      <class name="com.expedia.test.web.HomePageTest">
        <test-method status="PASS" signature="beforeSuite()[pri:0, instance:com.expedia.test.web.HomePageTest@7dc7cbad]" name="beforeSuite" is-config="true" duration-ms="25763" started-at="2016-10-23T22:09:19Z" finished-at="2016-10-23T22:09:45Z">
          <reporter-output>
          </reporter-output>
        </test-method> <!-- beforeSuite -->
        <test-method status="PASS" signature="beforeClass()[pri:0, instance:com.expedia.test.web.HomePageTest@7dc7cbad]" name="beforeClass" is-config="true" duration-ms="7" started-at="2016-10-23T22:09:45Z" finished-at="2016-10-23T22:09:45Z">
          <reporter-output>
          </reporter-output>
        </test-method> <!-- beforeClass -->
        <test-method status="PASS" signature="testSecHeaderLinks()[pri:0, instance:com.expedia.test.web.HomePageTest@7dc7cbad]" name="testSecHeaderLinks" duration-ms="27445" started-at="2016-10-23T22:09:45Z" finished-at="2016-10-23T22:10:12Z">
          <reporter-output>
            <line>
              <![CDATA[Number of secondary header links are 12<br><br>]]>
            </line>
            <line>
              <![CDATA[Rewards Link : Rewards Link Verified.<br><br>]]>
            </line>
            <line>
              <![CDATA[Mobile Link : Mobile Link Verified.<br><br>]]>
            </line>
          </reporter-output>
        </test-method> <!-- testSecHeaderLinks -->
        <test-method status="PASS" signature="afterClass()[pri:0, instance:com.expedia.test.web.HomePageTest@7dc7cbad]" name="afterClass" is-config="true" duration-ms="730" started-at="2016-10-23T22:10:12Z" finished-at="2016-10-23T22:10:13Z">
          <reporter-output>
          </reporter-output>
        </test-method> <!-- afterClass -->
      </class> <!-- com.expedia.test.web.HomePageTest -->
    </test> <!-- Default test -->
  </suite> <!-- Default suite -->
</testng-results>
